Secret Diary/Secret Diary/task/build/intermediates/manifest_merge_blame_file/release/manifest-merger-blame-release-report.txt
1<?xml version="1.0" encoding="utf-8"?>
2<manifest xmlns:android="http://schemas.android.com/apk/res/android"
3    package="org.hyperskill.secretdiary"
4    android:versionCode="1"
5    android:versionName="1.0" >
6
7    <uses-sdk
8        android:minSdkVersion="20"
8-->src\main\AndroidManifest.xml
9        android:targetSdkVersion="29" />
9-->src\main\AndroidManifest.xml
10
11    <uses-permission android:name="android.permission.REORDER_TASKS" />
11-->[androidx.test:core:1.4.0] AndroidManifest.xml:24:5-72
11-->[androidx.test:core:1.4.0] AndroidManifest.xml:24:22-69
12
13    <application
13-->src\main\AndroidManifest.xml:5:5-25:19
14        android:allowBackup="true"
14-->src\main\AndroidManifest.xml:6:9-35
15        android:appComponentFactory="androidx.core.app.CoreComponentFactory"
15-->[androidx.core:core:1.6.0] AndroidManifest.xml:24:18-86
16        android:icon="@mipmap/ic_launcher"
16-->src\main\AndroidManifest.xml:7:9-43
17        android:label="Secret Diary"
17-->src\main\AndroidManifest.xml:8:9-37
18        android:roundIcon="@mipmap/ic_launcher_round"
18-->src\main\AndroidManifest.xml:9:9-54
19        android:supportsRtl="true"
19-->src\main\AndroidManifest.xml:10:9-35
20        android:theme="@style/AppTheme" >
20-->src\main\AndroidManifest.xml:11:9-40
21        <activity android:name="org.hyperskill.secretdiary.LoginActivity" >
21-->src\main\AndroidManifest.xml:12:9-20:20
21-->src\main\AndroidManifest.xml:13:13-42
22            <intent-filter>
22-->src\main\AndroidManifest.xml:15:13-19:29
23                <action android:name="android.intent.action.MAIN" />
23-->src\main\AndroidManifest.xml:16:17-69
23-->src\main\AndroidManifest.xml:16:25-66
24
25                <category android:name="android.intent.category.LAUNCHER" />
25-->src\main\AndroidManifest.xml:18:17-77
25-->src\main\AndroidManifest.xml:18:27-74
26            </intent-filter>
27        </activity>
28        <activity
28-->src\main\AndroidManifest.xml:21:9-24:20
29            android:name="org.hyperskill.secretdiary.MainActivity"
29-->src\main\AndroidManifest.xml:21:19-47
30            android:exported="false" >
30-->src\main\AndroidManifest.xml:22:13-37
31        </activity>
32        <activity
32-->[androidx.test:core:1.4.0] AndroidManifest.xml:27:9-34:20
33            android:name="androidx.test.core.app.InstrumentationActivityInvoker$BootstrapActivity"
33-->[androidx.test:core:1.4.0] AndroidManifest.xml:28:13-99
34            android:exported="true"
34-->[androidx.test:core:1.4.0] AndroidManifest.xml:29:13-36
35            android:theme="@android:style/Theme" >
35-->[androidx.test:core:1.4.0] AndroidManifest.xml:30:13-49
36            <intent-filter>
36-->[androidx.test:core:1.4.0] AndroidManifest.xml:31:13-33:29
37                <action android:name="android.intent.action.MAIN" />
37-->src\main\AndroidManifest.xml:16:17-69
37-->src\main\AndroidManifest.xml:16:25-66
38            </intent-filter>
39        </activity>
40        <activity
40-->[androidx.test:core:1.4.0] AndroidManifest.xml:35:9-42:20
41            android:name="androidx.test.core.app.InstrumentationActivityInvoker$EmptyActivity"
41-->[androidx.test:core:1.4.0] AndroidManifest.xml:36:13-95
42            android:exported="true"
42-->[androidx.test:core:1.4.0] AndroidManifest.xml:37:13-36
43            android:theme="@android:style/Theme" >
43-->[androidx.test:core:1.4.0] AndroidManifest.xml:38:13-49
44            <intent-filter>
44-->[androidx.test:core:1.4.0] AndroidManifest.xml:31:13-33:29
45                <action android:name="android.intent.action.MAIN" />
45-->src\main\AndroidManifest.xml:16:17-69
45-->src\main\AndroidManifest.xml:16:25-66
46            </intent-filter>
47        </activity>
48        <activity
48-->[androidx.test:core:1.4.0] AndroidManifest.xml:43:9-50:20
49            android:name="androidx.test.core.app.InstrumentationActivityInvoker$EmptyFloatingActivity"
49-->[androidx.test:core:1.4.0] AndroidManifest.xml:44:13-103
50            android:exported="true"
50-->[androidx.test:core:1.4.0] AndroidManifest.xml:45:13-36
51            android:theme="@android:style/Theme.Dialog" >
51-->[androidx.test:core:1.4.0] AndroidManifest.xml:46:13-56
52            <intent-filter>
52-->[androidx.test:core:1.4.0] AndroidManifest.xml:31:13-33:29
53                <action android:name="android.intent.action.MAIN" />
53-->src\main\AndroidManifest.xml:16:17-69
53-->src\main\AndroidManifest.xml:16:25-66
54            </intent-filter>
55        </activity>
56    </application>
57
58</manifest>